{
  "RSpec": {
    "coverage": {
      "/Users/joyomodiale/Documents/Makers/Test/Bank_Tech_Test/spec/account_spec.rb": {
        "lines": [
          1,
          1,
          null,
          1,
          4,
          null,
          1,
          1,
          null,
          null,
          1,
          1,
          1,
          null,
          null,
          1,
          4,
          null,
          null,
          1,
          1,
          null,
          null,
          1,
          1,
          1,
          1,
          null,
          null,
          null
        ]
      },
      "/Users/joyomodiale/Documents/Makers/Test/Bank_Tech_Test/lib/account.rb": {
        "lines": [
          1,
          1,
          null,
          1,
          1,
          null,
          1,
          5,
          5,
          5,
          null,
          null,
          1,
          2,
          2,
          null,
          null,
          1,
          2,
          2,
          null,
          null,
          1,
          1,
          null,
          null,
          1,
          1,
          1,
          null,
          2,
          null,
          null,
          null,
          null,
          null
        ]
      },
      "/Users/joyomodiale/Documents/Makers/Test/Bank_Tech_Test/lib/statement.rb": {
        "lines": [
          1,
          1,
          1,
          null,
          null
        ]
      },
      "/Users/joyomodiale/Documents/Makers/Test/Bank_Tech_Test/spec/statement_spec.rb": {
        "lines": [
          1,
          null,
          1,
          null,
          null,
          null,
          null,
          null,
          null,
          null
        ]
      }
    },
    "timestamp": 1645550017
  }
}
