{
  "RSpec": {
    "coverage": {
      "/Users/joyomodiale/Documents/Makers/Test/Bank_Tech_Test/spec/account_spec.rb": {
        "lines": [
          1,
          null,
          null,
          1,
          3,
          null,
          1,
          1,
          null,
          null,
          1,
          1,
          1,
          null,
          null,
          1,
          4,
          null,
          null
        ]
      },
      "/Users/joyomodiale/Documents/Makers/Test/Bank_Tech_Test/lib/account.rb": {
        "lines": [
          1,
          1,
          null,
          1,
          3,
          null,
          null,
          1,
          1,
          null,
          null,
          1,
          1,
          null,
          null,
          1,
          0,
          null,
          null,
          null,
          null
        ]
      }
    },
    "timestamp": 1645530125
  }
}
